<?xml version="1.0" encoding="UTF-8"?>
<!-- Generated by org.testng.reporters.JUnitReportReporter -->
<testsuite hostname="DESKTOP-I777B4I" name="com.testNG.example.testNGDemo" tests="1" failures="0" timestamp="4 Nov 2020 11:46:15 GMT" time="19.256" errors="0">
  <testcase name="verifyLogin" time="19.256" classname="com.testNG.example.testNGDemo"/>
</testsuite> <!-- com.testNG.example.testNGDemo -->
