<?xml version="1.0" encoding="UTF-8"?>
<!-- Generated by org.testng.reporters.JUnitReportReporter -->
<testsuite hostname="DESKTOP-I777B4I" name="seleniumAutomation.testNGExample" tests="2" failures="0" timestamp="31 Oct 2020 15:33:09 GMT" time="0.006" errors="0">
  <testcase name="test1" time="0.004" classname="seleniumAutomation.testNGExample"/>
  <testcase name="test2" time="0.002" classname="seleniumAutomation.testNGExample"/>
</testsuite> <!-- seleniumAutomation.testNGExample -->
