<?xml version="1.0" encoding="UTF-8"?>
<!-- Generated by org.testng.reporters.JUnitReportReporter -->
<testsuite hostname="DESKTOP-I777B4I" name="com.testNG.example.testNGExample" tests="2" failures="0" timestamp="31 Oct 2020 15:55:37 GMT" time="0.006" errors="0">
  <testcase name="test1" time="0.005" classname="com.testNG.example.testNGExample"/>
  <testcase name="test2" time="0.001" classname="com.testNG.example.testNGExample"/>
</testsuite> <!-- com.testNG.example.testNGExample -->
