<?xml version="1.0" encoding="UTF-8"?>
<!-- Generated by org.testng.reporters.JUnitReportReporter -->
<testsuite hostname="DESKTOP-I777B4I" name="seleniumAutomation.FirstSeleniumProgram" tests="1" failures="0" timestamp="31 Oct 2020 15:46:48 GMT" time="11.445" errors="0">
  <testcase name="verifyLogin" time="11.445" classname="seleniumAutomation.FirstSeleniumProgram"/>
</testsuite> <!-- seleniumAutomation.FirstSeleniumProgram -->
