<?xml version="1.0" encoding="UTF-8"?>
<!-- Generated by org.testng.reporters.JUnitReportReporter -->
<testsuite hostname="DESKTOP-I777B4I" name="com.testNG.example.testNGAnnotationsExample" tests="3" failures="0" timestamp="1 Nov 2020 08:46:35 GMT" time="0.017" errors="0">
  <testcase name="test1" time="0.003" classname="com.testNG.example.testNGAnnotationsExample"/>
  <testcase name="test21" time="0.013" classname="com.testNG.example.testNGAnnotationsExample"/>
  <testcase name="test23" time="0.001" classname="com.testNG.example.testNGAnnotationsExample"/>
</testsuite> <!-- com.testNG.example.testNGAnnotationsExample -->
